CRITICAL - 2020-08-30 00:59:23 --> Invalid file: uts.php
#0 C:\xampp\htdocs\ApotekAPP\vendor\codeigniter4\framework\system\View\View.php(228): CodeIgniter\Exceptions\FrameworkException::forInvalidFile('uts.php')
#1 C:\xampp\htdocs\ApotekAPP\vendor\codeigniter4\framework\system\Common.php(1119): CodeIgniter\View\View->render('uts', Array, true)
#2 C:\xampp\htdocs\ApotekAPP\app\Controllers\Home.php(9): view('uts')
#3 C:\xampp\htdocs\ApotekAPP\vendor\codeigniter4\framework\system\CodeIgniter.php(918): App\Controllers\Home->index()
#4 C:\xampp\htdocs\ApotekAPP\vendor\codeigniter4\framework\system\CodeIgniter.php(404): CodeIgniter\CodeIgniter->runController(Object(App\Controllers\Home))
#5 C:\xampp\htdocs\ApotekAPP\vendor\codeigniter4\framework\system\CodeIgniter.php(312): CodeIgniter\CodeIgniter->handleRequest(NULL, Object(Config\Cache), false)
#6 C:\xampp\htdocs\ApotekAPP\public\index.php(45): CodeIgniter\CodeIgniter->run()
#7 C:\xampp\htdocs\ApotekAPP\vendor\codeigniter4\framework\system\Commands\Server\rewrite.php(34): require_once('C:\\xampp\\htdocs...')
#8 {main}
CRITICAL - 2020-08-30 00:59:42 --> Invalid file: main.php
#0 C:\xampp\htdocs\ApotekAPP\vendor\codeigniter4\framework\system\View\View.php(228): CodeIgniter\Exceptions\FrameworkException::forInvalidFile('main.php')
#1 C:\xampp\htdocs\ApotekAPP\vendor\codeigniter4\framework\system\Common.php(1119): CodeIgniter\View\View->render('main', Array, true)
#2 C:\xampp\htdocs\ApotekAPP\app\Controllers\Home.php(9): view('main')
#3 C:\xampp\htdocs\ApotekAPP\vendor\codeigniter4\framework\system\CodeIgniter.php(918): App\Controllers\Home->index()
#4 C:\xampp\htdocs\ApotekAPP\vendor\codeigniter4\framework\system\CodeIgniter.php(404): CodeIgniter\CodeIgniter->runController(Object(App\Controllers\Home))
#5 C:\xampp\htdocs\ApotekAPP\vendor\codeigniter4\framework\system\CodeIgniter.php(312): CodeIgniter\CodeIgniter->handleRequest(NULL, Object(Config\Cache), false)
#6 C:\xampp\htdocs\ApotekAPP\public\index.php(45): CodeIgniter\CodeIgniter->run()
#7 C:\xampp\htdocs\ApotekAPP\vendor\codeigniter4\framework\system\Commands\Server\rewrite.php(34): require_once('C:\\xampp\\htdocs...')
#8 {main}
CRITICAL - 2020-08-30 01:07:35 --> Unable to connect to the database.
#0 C:\xampp\htdocs\ApotekAPP\vendor\codeigniter4\framework\system\Database\BaseConnection.php(646): CodeIgniter\Database\BaseConnection->initialize()
#1 C:\xampp\htdocs\ApotekAPP\vendor\codeigniter4\framework\system\Database\BaseBuilder.php(1860): CodeIgniter\Database\BaseConnection->query('SELECT *\nFROM `...', Array, false)
#2 C:\xampp\htdocs\ApotekAPP\vendor\codeigniter4\framework\system\Model.php(462): CodeIgniter\Database\BaseBuilder->get()
#3 C:\xampp\htdocs\ApotekAPP\app\Controllers\Obat.php(13): CodeIgniter\Model->findAll()
#4 C:\xampp\htdocs\ApotekAPP\vendor\codeigniter4\framework\system\CodeIgniter.php(918): App\Controllers\Obat->index()
#5 C:\xampp\htdocs\ApotekAPP\vendor\codeigniter4\framework\system\CodeIgniter.php(404): CodeIgniter\CodeIgniter->runController(Object(App\Controllers\Obat))
#6 C:\xampp\htdocs\ApotekAPP\vendor\codeigniter4\framework\system\CodeIgniter.php(312): CodeIgniter\CodeIgniter->handleRequest(NULL, Object(Config\Cache), false)
#7 C:\xampp\htdocs\ApotekAPP\public\index.php(45): CodeIgniter\CodeIgniter->run()
#8 C:\xampp\htdocs\ApotekAPP\vendor\codeigniter4\framework\system\Commands\Server\rewrite.php(34): require_once('C:\\xampp\\htdocs...')
#9 {main}
CRITICAL - 2020-08-30 01:10:26 --> Invalid file: uts.php
#0 C:\xampp\htdocs\ApotekAPP\vendor\codeigniter4\framework\system\View\View.php(228): CodeIgniter\Exceptions\FrameworkException::forInvalidFile('uts.php')
#1 C:\xampp\htdocs\ApotekAPP\vendor\codeigniter4\framework\system\Common.php(1119): CodeIgniter\View\View->render('uts', Array, true)
#2 C:\xampp\htdocs\ApotekAPP\app\Controllers\Home.php(9): view('uts')
#3 C:\xampp\htdocs\ApotekAPP\vendor\codeigniter4\framework\system\CodeIgniter.php(918): App\Controllers\Home->index()
#4 C:\xampp\htdocs\ApotekAPP\vendor\codeigniter4\framework\system\CodeIgniter.php(404): CodeIgniter\CodeIgniter->runController(Object(App\Controllers\Home))
#5 C:\xampp\htdocs\ApotekAPP\vendor\codeigniter4\framework\system\CodeIgniter.php(312): CodeIgniter\CodeIgniter->handleRequest(NULL, Object(Config\Cache), false)
#6 C:\xampp\htdocs\ApotekAPP\public\index.php(45): CodeIgniter\CodeIgniter->run()
#7 C:\xampp\htdocs\ApotekAPP\vendor\codeigniter4\framework\system\Commands\Server\rewrite.php(34): require_once('C:\\xampp\\htdocs...')
#8 {main}
CRITICAL - 2020-08-30 06:18:11 --> required] is not a valid rule.
#0 C:\xampp\htdocs\ApotekAPP\vendor\codeigniter4\framework\system\Validation\Validation.php(333): CodeIgniter\Validation\Exceptions\ValidationException::forRuleNotFound('required]')
#1 C:\xampp\htdocs\ApotekAPP\vendor\codeigniter4\framework\system\Validation\Validation.php(189): CodeIgniter\Validation\Validation->processRules('username', 'Username', '', Array, Array)
#2 C:\xampp\htdocs\ApotekAPP\vendor\codeigniter4\framework\system\Controller.php(219): CodeIgniter\Validation\Validation->run()
#3 C:\xampp\htdocs\ApotekAPP\app\Controllers\Login.php(27): CodeIgniter\Controller->validate(Array)
#4 C:\xampp\htdocs\ApotekAPP\vendor\codeigniter4\framework\system\CodeIgniter.php(918): App\Controllers\Login->cekuser()
#5 C:\xampp\htdocs\ApotekAPP\vendor\codeigniter4\framework\system\CodeIgniter.php(404): CodeIgniter\CodeIgniter->runController(Object(App\Controllers\Login))
#6 C:\xampp\htdocs\ApotekAPP\vendor\codeigniter4\framework\system\CodeIgniter.php(312): CodeIgniter\CodeIgniter->handleRequest(NULL, Object(Config\Cache), false)
#7 C:\xampp\htdocs\ApotekAPP\public\index.php(45): CodeIgniter\CodeIgniter->run()
#8 C:\xampp\htdocs\ApotekAPP\vendor\codeigniter4\framework\system\Commands\Server\rewrite.php(34): require_once('C:\\xampp\\htdocs...')
#9 {main}
CRITICAL - 2020-08-30 06:19:01 --> Undefined variable: msg
#0 C:\xampp\htdocs\ApotekAPP\app\Controllers\Login.php(51): CodeIgniter\Debug\Exceptions->errorHandler(8, 'Undefined varia...', 'C:\\xampp\\htdocs...', 51, Array)
#1 C:\xampp\htdocs\ApotekAPP\vendor\codeigniter4\framework\system\CodeIgniter.php(918): App\Controllers\Login->cekuser()
#2 C:\xampp\htdocs\ApotekAPP\vendor\codeigniter4\framework\system\CodeIgniter.php(404): CodeIgniter\CodeIgniter->runController(Object(App\Controllers\Login))
#3 C:\xampp\htdocs\ApotekAPP\vendor\codeigniter4\framework\system\CodeIgniter.php(312): CodeIgniter\CodeIgniter->handleRequest(NULL, Object(Config\Cache), false)
#4 C:\xampp\htdocs\ApotekAPP\public\index.php(45): CodeIgniter\CodeIgniter->run()
#5 C:\xampp\htdocs\ApotekAPP\vendor\codeigniter4\framework\system\Commands\Server\rewrite.php(34): require_once('C:\\xampp\\htdocs...')
#6 {main}
CRITICAL - 2020-08-30 06:28:35 --> syntax error, unexpected '}'
#0 C:\xampp\htdocs\ApotekAPP\vendor\codeigniter4\framework\system\Router\Router.php(195): CodeIgniter\Router\Router->autoRoute('login')
#1 C:\xampp\htdocs\ApotekAPP\vendor\codeigniter4\framework\system\CodeIgniter.php(793): CodeIgniter\Router\Router->handle('login')
#2 C:\xampp\htdocs\ApotekAPP\vendor\codeigniter4\framework\system\CodeIgniter.php(364): CodeIgniter\CodeIgniter->tryToRouteIt(Object(CodeIgniter\Router\RouteCollection))
#3 C:\xampp\htdocs\ApotekAPP\vendor\codeigniter4\framework\system\CodeIgniter.php(312): CodeIgniter\CodeIgniter->handleRequest(NULL, Object(Config\Cache), false)
#4 C:\xampp\htdocs\ApotekAPP\public\index.php(45): CodeIgniter\CodeIgniter->run()
#5 C:\xampp\htdocs\ApotekAPP\vendor\codeigniter4\framework\system\Commands\Server\rewrite.php(34): require_once('C:\\xampp\\htdocs...')
#6 {main}
CRITICAL - 2020-08-30 06:29:05 --> Unknown column 'idlevel.users' in 'on clause'
#0 C:\xampp\htdocs\ApotekAPP\vendor\codeigniter4\framework\system\Database\MySQLi\Connection.php(331): mysqli->query('select * from u...')
#1 C:\xampp\htdocs\ApotekAPP\vendor\codeigniter4\framework\system\Database\BaseConnection.php(741): CodeIgniter\Database\MySQLi\Connection->execute('select * from u...')
#2 C:\xampp\htdocs\ApotekAPP\vendor\codeigniter4\framework\system\Database\BaseConnection.php(669): CodeIgniter\Database\BaseConnection->simpleQuery('select * from u...')
#3 C:\xampp\htdocs\ApotekAPP\app\Controllers\Login.php(57): CodeIgniter\Database\BaseConnection->query('select * from u...')
#4 C:\xampp\htdocs\ApotekAPP\vendor\codeigniter4\framework\system\CodeIgniter.php(918): App\Controllers\Login->cekuser()
#5 C:\xampp\htdocs\ApotekAPP\vendor\codeigniter4\framework\system\CodeIgniter.php(404): CodeIgniter\CodeIgniter->runController(Object(App\Controllers\Login))
#6 C:\xampp\htdocs\ApotekAPP\vendor\codeigniter4\framework\system\CodeIgniter.php(312): CodeIgniter\CodeIgniter->handleRequest(NULL, Object(Config\Cache), false)
#7 C:\xampp\htdocs\ApotekAPP\public\index.php(45): CodeIgniter\CodeIgniter->run()
#8 C:\xampp\htdocs\ApotekAPP\vendor\codeigniter4\framework\system\Commands\Server\rewrite.php(34): require_once('C:\\xampp\\htdocs...')
#9 {main}
CRITICAL - 2020-08-30 06:29:55 --> Unknown column 'idlevel.users' in 'on clause'
#0 C:\xampp\htdocs\ApotekAPP\vendor\codeigniter4\framework\system\Database\MySQLi\Connection.php(331): mysqli->query('select * from u...')
#1 C:\xampp\htdocs\ApotekAPP\vendor\codeigniter4\framework\system\Database\BaseConnection.php(741): CodeIgniter\Database\MySQLi\Connection->execute('select * from u...')
#2 C:\xampp\htdocs\ApotekAPP\vendor\codeigniter4\framework\system\Database\BaseConnection.php(669): CodeIgniter\Database\BaseConnection->simpleQuery('select * from u...')
#3 C:\xampp\htdocs\ApotekAPP\app\Controllers\Login.php(57): CodeIgniter\Database\BaseConnection->query('select * from u...')
#4 C:\xampp\htdocs\ApotekAPP\vendor\codeigniter4\framework\system\CodeIgniter.php(918): App\Controllers\Login->cekuser()
#5 C:\xampp\htdocs\ApotekAPP\vendor\codeigniter4\framework\system\CodeIgniter.php(404): CodeIgniter\CodeIgniter->runController(Object(App\Controllers\Login))
#6 C:\xampp\htdocs\ApotekAPP\vendor\codeigniter4\framework\system\CodeIgniter.php(312): CodeIgniter\CodeIgniter->handleRequest(NULL, Object(Config\Cache), false)
#7 C:\xampp\htdocs\ApotekAPP\public\index.php(45): CodeIgniter\CodeIgniter->run()
#8 C:\xampp\htdocs\ApotekAPP\vendor\codeigniter4\framework\system\Commands\Server\rewrite.php(34): require_once('C:\\xampp\\htdocs...')
#9 {main}
CRITICAL - 2020-08-30 07:41:17 --> Cannot use object of type CodeIgniter\Session\Session as array
#0 C:\xampp\htdocs\ApotekAPP\app\Views\layout\main.php(124): CodeIgniter\Session\Session->get('namauser')
#1 C:\xampp\htdocs\ApotekAPP\vendor\codeigniter4\framework\system\View\View.php(246): include('C:\\xampp\\htdocs...')
#2 C:\xampp\htdocs\ApotekAPP\vendor\codeigniter4\framework\system\View\View.php(257): CodeIgniter\View\View->render('layout/main', Array, true)
#3 C:\xampp\htdocs\ApotekAPP\vendor\codeigniter4\framework\system\View\View.php(257): CodeIgniter\View\View->render('layout/menu', Array, true)
#4 C:\xampp\htdocs\ApotekAPP\vendor\codeigniter4\framework\system\Common.php(1119): CodeIgniter\View\View->render('layout/beranda', Array, true)
#5 C:\xampp\htdocs\ApotekAPP\app\Controllers\Panel.php(9): view('layout/beranda')
#6 C:\xampp\htdocs\ApotekAPP\vendor\codeigniter4\framework\system\CodeIgniter.php(918): App\Controllers\Panel->index()
#7 C:\xampp\htdocs\ApotekAPP\vendor\codeigniter4\framework\system\CodeIgniter.php(404): CodeIgniter\CodeIgniter->runController(Object(App\Controllers\Panel))
#8 C:\xampp\htdocs\ApotekAPP\vendor\codeigniter4\framework\system\CodeIgniter.php(312): CodeIgniter\CodeIgniter->handleRequest(NULL, Object(Config\Cache), false)
#9 C:\xampp\htdocs\ApotekAPP\public\index.php(45): CodeIgniter\CodeIgniter->run()
#10 C:\xampp\htdocs\ApotekAPP\vendor\codeigniter4\framework\system\Commands\Server\rewrite.php(34): require_once('C:\\xampp\\htdocs...')
#11 {main}
CRITICAL - 2020-08-30 08:43:00 --> A non-numeric value encountered
#0 C:\xampp\htdocs\ApotekAPP\app\Views\layout\main.php(3): CodeIgniter\Debug\Exceptions->errorHandler(2, 'A non-numeric v...', 'C:\\xampp\\htdocs...', 3, Array)
#1 C:\xampp\htdocs\ApotekAPP\vendor\codeigniter4\framework\system\View\View.php(246): include('C:\\xampp\\htdocs...')
#2 C:\xampp\htdocs\ApotekAPP\vendor\codeigniter4\framework\system\View\View.php(257): CodeIgniter\View\View->render('layout/main', Array, true)
#3 C:\xampp\htdocs\ApotekAPP\vendor\codeigniter4\framework\system\View\View.php(257): CodeIgniter\View\View->render('layout/menu', Array, true)
#4 C:\xampp\htdocs\ApotekAPP\vendor\codeigniter4\framework\system\Common.php(1119): CodeIgniter\View\View->render('layout/beranda', Array, true)
#5 C:\xampp\htdocs\ApotekAPP\app\Controllers\Panel.php(9): view('layout/beranda')
#6 C:\xampp\htdocs\ApotekAPP\vendor\codeigniter4\framework\system\CodeIgniter.php(918): App\Controllers\Panel->index()
#7 C:\xampp\htdocs\ApotekAPP\vendor\codeigniter4\framework\system\CodeIgniter.php(404): CodeIgniter\CodeIgniter->runController(Object(App\Controllers\Panel))
#8 C:\xampp\htdocs\ApotekAPP\vendor\codeigniter4\framework\system\CodeIgniter.php(312): CodeIgniter\CodeIgniter->handleRequest(NULL, Object(Config\Cache), false)
#9 C:\xampp\htdocs\ApotekAPP\public\index.php(45): CodeIgniter\CodeIgniter->run()
#10 C:\xampp\htdocs\ApotekAPP\vendor\codeigniter4\framework\system\Commands\Server\rewrite.php(34): require_once('C:\\xampp\\htdocs...')
#11 {main}
CRITICAL - 2020-08-30 08:43:13 --> A non-numeric value encountered
#0 C:\xampp\htdocs\ApotekAPP\app\Views\layout\main.php(3): CodeIgniter\Debug\Exceptions->errorHandler(2, 'A non-numeric v...', 'C:\\xampp\\htdocs...', 3, Array)
#1 C:\xampp\htdocs\ApotekAPP\vendor\codeigniter4\framework\system\View\View.php(246): include('C:\\xampp\\htdocs...')
#2 C:\xampp\htdocs\ApotekAPP\vendor\codeigniter4\framework\system\View\View.php(257): CodeIgniter\View\View->render('layout/main', Array, true)
#3 C:\xampp\htdocs\ApotekAPP\vendor\codeigniter4\framework\system\View\View.php(257): CodeIgniter\View\View->render('layout/menu', Array, true)
#4 C:\xampp\htdocs\ApotekAPP\vendor\codeigniter4\framework\system\Common.php(1119): CodeIgniter\View\View->render('layout/beranda', Array, true)
#5 C:\xampp\htdocs\ApotekAPP\app\Controllers\Panel.php(9): view('layout/beranda')
#6 C:\xampp\htdocs\ApotekAPP\vendor\codeigniter4\framework\system\CodeIgniter.php(918): App\Controllers\Panel->index()
#7 C:\xampp\htdocs\ApotekAPP\vendor\codeigniter4\framework\system\CodeIgniter.php(404): CodeIgniter\CodeIgniter->runController(Object(App\Controllers\Panel))
#8 C:\xampp\htdocs\ApotekAPP\vendor\codeigniter4\framework\system\CodeIgniter.php(312): CodeIgniter\CodeIgniter->handleRequest(NULL, Object(Config\Cache), false)
#9 C:\xampp\htdocs\ApotekAPP\public\index.php(45): CodeIgniter\CodeIgniter->run()
#10 C:\xampp\htdocs\ApotekAPP\vendor\codeigniter4\framework\system\Commands\Server\rewrite.php(34): require_once('C:\\xampp\\htdocs...')
#11 {main}
CRITICAL - 2020-08-30 11:16:56 --> Undefined variable: username
#0 C:\xampp\htdocs\ApotekAPP\app\Views\uts\viewlogin.php(58): CodeIgniter\Debug\Exceptions->errorHandler(8, 'Undefined varia...', 'C:\\xampp\\htdocs...', 58, Array)
#1 C:\xampp\htdocs\ApotekAPP\vendor\codeigniter4\framework\system\View\View.php(246): include('C:\\xampp\\htdocs...')
#2 C:\xampp\htdocs\ApotekAPP\vendor\codeigniter4\framework\system\Common.php(1119): CodeIgniter\View\View->render('uts/viewlogin', Array, true)
#3 C:\xampp\htdocs\ApotekAPP\app\Controllers\Login.php(15): view('uts/viewlogin')
#4 C:\xampp\htdocs\ApotekAPP\vendor\codeigniter4\framework\system\CodeIgniter.php(918): App\Controllers\Login->index()
#5 C:\xampp\htdocs\ApotekAPP\vendor\codeigniter4\framework\system\CodeIgniter.php(404): CodeIgniter\CodeIgniter->runController(Object(App\Controllers\Login))
#6 C:\xampp\htdocs\ApotekAPP\vendor\codeigniter4\framework\system\CodeIgniter.php(312): CodeIgniter\CodeIgniter->handleRequest(NULL, Object(Config\Cache), false)
#7 C:\xampp\htdocs\ApotekAPP\public\index.php(45): CodeIgniter\CodeIgniter->run()
#8 C:\xampp\htdocs\ApotekAPP\vendor\codeigniter4\framework\system\Commands\Server\rewrite.php(34): require_once('C:\\xampp\\htdocs...')
#9 {main}
CRITICAL - 2020-08-30 11:28:47 --> Undefined variable: pass
#0 C:\xampp\htdocs\ApotekAPP\app\Views\uts\viewlogin.php(68): CodeIgniter\Debug\Exceptions->errorHandler(8, 'Undefined varia...', 'C:\\xampp\\htdocs...', 68, Array)
#1 C:\xampp\htdocs\ApotekAPP\vendor\codeigniter4\framework\system\View\View.php(246): include('C:\\xampp\\htdocs...')
#2 C:\xampp\htdocs\ApotekAPP\vendor\codeigniter4\framework\system\Common.php(1119): CodeIgniter\View\View->render('uts/viewlogin', Array, true)
#3 C:\xampp\htdocs\ApotekAPP\app\Controllers\Login.php(15): view('uts/viewlogin')
#4 C:\xampp\htdocs\ApotekAPP\vendor\codeigniter4\framework\system\CodeIgniter.php(918): App\Controllers\Login->index()
#5 C:\xampp\htdocs\ApotekAPP\vendor\codeigniter4\framework\system\CodeIgniter.php(404): CodeIgniter\CodeIgniter->runController(Object(App\Controllers\Login))
#6 C:\xampp\htdocs\ApotekAPP\vendor\codeigniter4\framework\system\CodeIgniter.php(312): CodeIgniter\CodeIgniter->handleRequest(NULL, Object(Config\Cache), false)
#7 C:\xampp\htdocs\ApotekAPP\public\index.php(45): CodeIgniter\CodeIgniter->run()
#8 C:\xampp\htdocs\ApotekAPP\vendor\codeigniter4\framework\system\Commands\Server\rewrite.php(34): require_once('C:\\xampp\\htdocs...')
#9 {main}
CRITICAL - 2020-08-30 11:29:19 --> Undefined variable: username
#0 C:\xampp\htdocs\ApotekAPP\app\Views\uts\viewlogin.php(58): CodeIgniter\Debug\Exceptions->errorHandler(8, 'Undefined varia...', 'C:\\xampp\\htdocs...', 58, Array)
#1 C:\xampp\htdocs\ApotekAPP\vendor\codeigniter4\framework\system\View\View.php(246): include('C:\\xampp\\htdocs...')
#2 C:\xampp\htdocs\ApotekAPP\vendor\codeigniter4\framework\system\Common.php(1119): CodeIgniter\View\View->render('uts/viewlogin', Array, true)
#3 C:\xampp\htdocs\ApotekAPP\app\Controllers\Login.php(15): view('uts/viewlogin')
#4 C:\xampp\htdocs\ApotekAPP\vendor\codeigniter4\framework\system\CodeIgniter.php(918): App\Controllers\Login->index()
#5 C:\xampp\htdocs\ApotekAPP\vendor\codeigniter4\framework\system\CodeIgniter.php(404): CodeIgniter\CodeIgniter->runController(Object(App\Controllers\Login))
#6 C:\xampp\htdocs\ApotekAPP\vendor\codeigniter4\framework\system\CodeIgniter.php(312): CodeIgniter\CodeIgniter->handleRequest(NULL, Object(Config\Cache), false)
#7 C:\xampp\htdocs\ApotekAPP\public\index.php(45): CodeIgniter\CodeIgniter->run()
#8 C:\xampp\htdocs\ApotekAPP\vendor\codeigniter4\framework\system\Commands\Server\rewrite.php(34): require_once('C:\\xampp\\htdocs...')
#9 {main}
CRITICAL - 2020-08-30 11:32:39 --> syntax error, unexpected '}', expecting end of file
#0 C:\xampp\htdocs\ApotekAPP\vendor\codeigniter4\framework\system\Common.php(1119): CodeIgniter\View\View->render('uts/viewlogin', Array, true)
#1 C:\xampp\htdocs\ApotekAPP\app\Controllers\Login.php(15): view('uts/viewlogin')
#2 C:\xampp\htdocs\ApotekAPP\vendor\codeigniter4\framework\system\CodeIgniter.php(918): App\Controllers\Login->index()
#3 C:\xampp\htdocs\ApotekAPP\vendor\codeigniter4\framework\system\CodeIgniter.php(404): CodeIgniter\CodeIgniter->runController(Object(App\Controllers\Login))
#4 C:\xampp\htdocs\ApotekAPP\vendor\codeigniter4\framework\system\CodeIgniter.php(312): CodeIgniter\CodeIgniter->handleRequest(NULL, Object(Config\Cache), false)
#5 C:\xampp\htdocs\ApotekAPP\public\index.php(45): CodeIgniter\CodeIgniter->run()
#6 C:\xampp\htdocs\ApotekAPP\vendor\codeigniter4\framework\system\Commands\Server\rewrite.php(34): require_once('C:\\xampp\\htdocs...')
#7 {main}
CRITICAL - 2020-08-30 11:45:32 --> Undefined variable: msg
#0 C:\xampp\htdocs\ApotekAPP\app\Controllers\Login.php(28): CodeIgniter\Debug\Exceptions->errorHandler(8, 'Undefined varia...', 'C:\\xampp\\htdocs...', 28, Array)
#1 C:\xampp\htdocs\ApotekAPP\vendor\codeigniter4\framework\system\CodeIgniter.php(918): App\Controllers\Login->cekip()
#2 C:\xampp\htdocs\ApotekAPP\vendor\codeigniter4\framework\system\CodeIgniter.php(404): CodeIgniter\CodeIgniter->runController(Object(App\Controllers\Login))
#3 C:\xampp\htdocs\ApotekAPP\vendor\codeigniter4\framework\system\CodeIgniter.php(312): CodeIgniter\CodeIgniter->handleRequest(NULL, Object(Config\Cache), false)
#4 C:\xampp\htdocs\ApotekAPP\public\index.php(45): CodeIgniter\CodeIgniter->run()
#5 C:\xampp\htdocs\ApotekAPP\vendor\codeigniter4\framework\system\Commands\Server\rewrite.php(34): require_once('C:\\xampp\\htdocs...')
#6 {main}
CRITICAL - 2020-08-30 11:46:00 --> Undefined variable: msg
#0 C:\xampp\htdocs\ApotekAPP\app\Controllers\Login.php(28): CodeIgniter\Debug\Exceptions->errorHandler(8, 'Undefined varia...', 'C:\\xampp\\htdocs...', 28, Array)
#1 C:\xampp\htdocs\ApotekAPP\vendor\codeigniter4\framework\system\CodeIgniter.php(918): App\Controllers\Login->cekip()
#2 C:\xampp\htdocs\ApotekAPP\vendor\codeigniter4\framework\system\CodeIgniter.php(404): CodeIgniter\CodeIgniter->runController(Object(App\Controllers\Login))
#3 C:\xampp\htdocs\ApotekAPP\vendor\codeigniter4\framework\system\CodeIgniter.php(312): CodeIgniter\CodeIgniter->handleRequest(NULL, Object(Config\Cache), false)
#4 C:\xampp\htdocs\ApotekAPP\public\index.php(45): CodeIgniter\CodeIgniter->run()
#5 C:\xampp\htdocs\ApotekAPP\vendor\codeigniter4\framework\system\Commands\Server\rewrite.php(34): require_once('C:\\xampp\\htdocs...')
#6 {main}
CRITICAL - 2020-08-30 11:46:57 --> Undefined variable: msg
#0 C:\xampp\htdocs\ApotekAPP\app\Controllers\Login.php(28): CodeIgniter\Debug\Exceptions->errorHandler(8, 'Undefined varia...', 'C:\\xampp\\htdocs...', 28, Array)
#1 C:\xampp\htdocs\ApotekAPP\vendor\codeigniter4\framework\system\CodeIgniter.php(918): App\Controllers\Login->cekip()
#2 C:\xampp\htdocs\ApotekAPP\vendor\codeigniter4\framework\system\CodeIgniter.php(404): CodeIgniter\CodeIgniter->runController(Object(App\Controllers\Login))
#3 C:\xampp\htdocs\ApotekAPP\vendor\codeigniter4\framework\system\CodeIgniter.php(312): CodeIgniter\CodeIgniter->handleRequest(NULL, Object(Config\Cache), false)
#4 C:\xampp\htdocs\ApotekAPP\public\index.php(45): CodeIgniter\CodeIgniter->run()
#5 C:\xampp\htdocs\ApotekAPP\vendor\codeigniter4\framework\system\Commands\Server\rewrite.php(34): require_once('C:\\xampp\\htdocs...')
#6 {main}
CRITICAL - 2020-08-30 11:53:13 --> Undefined variable: msg
#0 C:\xampp\htdocs\ApotekAPP\app\Controllers\Login.php(28): CodeIgniter\Debug\Exceptions->errorHandler(8, 'Undefined varia...', 'C:\\xampp\\htdocs...', 28, Array)
#1 C:\xampp\htdocs\ApotekAPP\vendor\codeigniter4\framework\system\CodeIgniter.php(918): App\Controllers\Login->cekip()
#2 C:\xampp\htdocs\ApotekAPP\vendor\codeigniter4\framework\system\CodeIgniter.php(404): CodeIgniter\CodeIgniter->runController(Object(App\Controllers\Login))
#3 C:\xampp\htdocs\ApotekAPP\vendor\codeigniter4\framework\system\CodeIgniter.php(312): CodeIgniter\CodeIgniter->handleRequest(NULL, Object(Config\Cache), false)
#4 C:\xampp\htdocs\ApotekAPP\public\index.php(45): CodeIgniter\CodeIgniter->run()
#5 C:\xampp\htdocs\ApotekAPP\vendor\codeigniter4\framework\system\Commands\Server\rewrite.php(34): require_once('C:\\xampp\\htdocs...')
#6 {main}
CRITICAL - 2020-08-30 11:53:47 --> Undefined property: CodeIgniter\View\View::$input
#0 C:\xampp\htdocs\ApotekAPP\app\Views\uts\viewlogin.php(75): CodeIgniter\Debug\Exceptions->errorHandler(8, 'Undefined prope...', 'C:\\xampp\\htdocs...', 75, Array)
#1 C:\xampp\htdocs\ApotekAPP\vendor\codeigniter4\framework\system\View\View.php(246): include('C:\\xampp\\htdocs...')
#2 C:\xampp\htdocs\ApotekAPP\vendor\codeigniter4\framework\system\Common.php(1119): CodeIgniter\View\View->render('uts/viewlogin', Array, true)
#3 C:\xampp\htdocs\ApotekAPP\app\Controllers\Login.php(15): view('uts/viewlogin')
#4 C:\xampp\htdocs\ApotekAPP\vendor\codeigniter4\framework\system\CodeIgniter.php(918): App\Controllers\Login->index()
#5 C:\xampp\htdocs\ApotekAPP\vendor\codeigniter4\framework\system\CodeIgniter.php(404): CodeIgniter\CodeIgniter->runController(Object(App\Controllers\Login))
#6 C:\xampp\htdocs\ApotekAPP\vendor\codeigniter4\framework\system\CodeIgniter.php(312): CodeIgniter\CodeIgniter->handleRequest(NULL, Object(Config\Cache), false)
#7 C:\xampp\htdocs\ApotekAPP\public\index.php(45): CodeIgniter\CodeIgniter->run()
#8 C:\xampp\htdocs\ApotekAPP\vendor\codeigniter4\framework\system\Commands\Server\rewrite.php(34): require_once('C:\\xampp\\htdocs...')
#9 {main}
CRITICAL - 2020-08-30 11:53:55 --> Undefined property: CodeIgniter\View\View::$input
#0 C:\xampp\htdocs\ApotekAPP\app\Views\uts\viewlogin.php(75): CodeIgniter\Debug\Exceptions->errorHandler(8, 'Undefined prope...', 'C:\\xampp\\htdocs...', 75, Array)
#1 C:\xampp\htdocs\ApotekAPP\vendor\codeigniter4\framework\system\View\View.php(246): include('C:\\xampp\\htdocs...')
#2 C:\xampp\htdocs\ApotekAPP\vendor\codeigniter4\framework\system\Common.php(1119): CodeIgniter\View\View->render('uts/viewlogin', Array, true)
#3 C:\xampp\htdocs\ApotekAPP\app\Controllers\Login.php(15): view('uts/viewlogin')
#4 C:\xampp\htdocs\ApotekAPP\vendor\codeigniter4\framework\system\CodeIgniter.php(918): App\Controllers\Login->index()
#5 C:\xampp\htdocs\ApotekAPP\vendor\codeigniter4\framework\system\CodeIgniter.php(404): CodeIgniter\CodeIgniter->runController(Object(App\Controllers\Login))
#6 C:\xampp\htdocs\ApotekAPP\vendor\codeigniter4\framework\system\CodeIgniter.php(312): CodeIgniter\CodeIgniter->handleRequest(NULL, Object(Config\Cache), false)
#7 C:\xampp\htdocs\ApotekAPP\public\index.php(45): CodeIgniter\CodeIgniter->run()
#8 C:\xampp\htdocs\ApotekAPP\vendor\codeigniter4\framework\system\Commands\Server\rewrite.php(34): require_once('C:\\xampp\\htdocs...')
#9 {main}
CRITICAL - 2020-08-30 11:54:11 --> Undefined variable: msg
#0 C:\xampp\htdocs\ApotekAPP\app\Controllers\Login.php(28): CodeIgniter\Debug\Exceptions->errorHandler(8, 'Undefined varia...', 'C:\\xampp\\htdocs...', 28, Array)
#1 C:\xampp\htdocs\ApotekAPP\vendor\codeigniter4\framework\system\CodeIgniter.php(918): App\Controllers\Login->cekip()
#2 C:\xampp\htdocs\ApotekAPP\vendor\codeigniter4\framework\system\CodeIgniter.php(404): CodeIgniter\CodeIgniter->runController(Object(App\Controllers\Login))
#3 C:\xampp\htdocs\ApotekAPP\vendor\codeigniter4\framework\system\CodeIgniter.php(312): CodeIgniter\CodeIgniter->handleRequest(NULL, Object(Config\Cache), false)
#4 C:\xampp\htdocs\ApotekAPP\public\index.php(45): CodeIgniter\CodeIgniter->run()
#5 C:\xampp\htdocs\ApotekAPP\vendor\codeigniter4\framework\system\Commands\Server\rewrite.php(34): require_once('C:\\xampp\\htdocs...')
#6 {main}
CRITICAL - 2020-08-30 11:57:13 --> Undefined variable: msg
#0 C:\xampp\htdocs\ApotekAPP\app\Controllers\Login.php(28): CodeIgniter\Debug\Exceptions->errorHandler(8, 'Undefined varia...', 'C:\\xampp\\htdocs...', 28, Array)
#1 C:\xampp\htdocs\ApotekAPP\vendor\codeigniter4\framework\system\CodeIgniter.php(918): App\Controllers\Login->cekip()
#2 C:\xampp\htdocs\ApotekAPP\vendor\codeigniter4\framework\system\CodeIgniter.php(404): CodeIgniter\CodeIgniter->runController(Object(App\Controllers\Login))
#3 C:\xampp\htdocs\ApotekAPP\vendor\codeigniter4\framework\system\CodeIgniter.php(312): CodeIgniter\CodeIgniter->handleRequest(NULL, Object(Config\Cache), false)
#4 C:\xampp\htdocs\ApotekAPP\public\index.php(45): CodeIgniter\CodeIgniter->run()
#5 C:\xampp\htdocs\ApotekAPP\vendor\codeigniter4\framework\system\Commands\Server\rewrite.php(34): require_once('C:\\xampp\\htdocs...')
#6 {main}
CRITICAL - 2020-08-30 11:59:10 --> Undefined variable: msg
#0 C:\xampp\htdocs\ApotekAPP\app\Controllers\Login.php(28): CodeIgniter\Debug\Exceptions->errorHandler(8, 'Undefined varia...', 'C:\\xampp\\htdocs...', 28, Array)
#1 C:\xampp\htdocs\ApotekAPP\vendor\codeigniter4\framework\system\CodeIgniter.php(918): App\Controllers\Login->cekip()
#2 C:\xampp\htdocs\ApotekAPP\vendor\codeigniter4\framework\system\CodeIgniter.php(404): CodeIgniter\CodeIgniter->runController(Object(App\Controllers\Login))
#3 C:\xampp\htdocs\ApotekAPP\vendor\codeigniter4\framework\system\CodeIgniter.php(312): CodeIgniter\CodeIgniter->handleRequest(NULL, Object(Config\Cache), false)
#4 C:\xampp\htdocs\ApotekAPP\public\index.php(45): CodeIgniter\CodeIgniter->run()
#5 C:\xampp\htdocs\ApotekAPP\vendor\codeigniter4\framework\system\Commands\Server\rewrite.php(34): require_once('C:\\xampp\\htdocs...')
#6 {main}
CRITICAL - 2020-08-30 11:59:24 --> Undefined variable: msg
#0 C:\xampp\htdocs\ApotekAPP\app\Controllers\Login.php(28): CodeIgniter\Debug\Exceptions->errorHandler(8, 'Undefined varia...', 'C:\\xampp\\htdocs...', 28, Array)
#1 C:\xampp\htdocs\ApotekAPP\vendor\codeigniter4\framework\system\CodeIgniter.php(918): App\Controllers\Login->cekip()
#2 C:\xampp\htdocs\ApotekAPP\vendor\codeigniter4\framework\system\CodeIgniter.php(404): CodeIgniter\CodeIgniter->runController(Object(App\Controllers\Login))
#3 C:\xampp\htdocs\ApotekAPP\vendor\codeigniter4\framework\system\CodeIgniter.php(312): CodeIgniter\CodeIgniter->handleRequest(NULL, Object(Config\Cache), false)
#4 C:\xampp\htdocs\ApotekAPP\public\index.php(45): CodeIgniter\CodeIgniter->run()
#5 C:\xampp\htdocs\ApotekAPP\vendor\codeigniter4\framework\system\Commands\Server\rewrite.php(34): require_once('C:\\xampp\\htdocs...')
#6 {main}
CRITICAL - 2020-08-30 11:59:36 --> Undefined variable: msg
#0 C:\xampp\htdocs\ApotekAPP\app\Controllers\Login.php(28): CodeIgniter\Debug\Exceptions->errorHandler(8, 'Undefined varia...', 'C:\\xampp\\htdocs...', 28, Array)
#1 C:\xampp\htdocs\ApotekAPP\vendor\codeigniter4\framework\system\CodeIgniter.php(918): App\Controllers\Login->cekip()
#2 C:\xampp\htdocs\ApotekAPP\vendor\codeigniter4\framework\system\CodeIgniter.php(404): CodeIgniter\CodeIgniter->runController(Object(App\Controllers\Login))
#3 C:\xampp\htdocs\ApotekAPP\vendor\codeigniter4\framework\system\CodeIgniter.php(312): CodeIgniter\CodeIgniter->handleRequest(NULL, Object(Config\Cache), false)
#4 C:\xampp\htdocs\ApotekAPP\public\index.php(45): CodeIgniter\CodeIgniter->run()
#5 C:\xampp\htdocs\ApotekAPP\vendor\codeigniter4\framework\system\Commands\Server\rewrite.php(34): require_once('C:\\xampp\\htdocs...')
#6 {main}
CRITICAL - 2020-08-30 12:10:33 --> Undefined variable: msg
#0 C:\xampp\htdocs\ApotekAPP\app\Controllers\Login.php(47): CodeIgniter\Debug\Exceptions->errorHandler(8, 'Undefined varia...', 'C:\\xampp\\htdocs...', 47, Array)
#1 C:\xampp\htdocs\ApotekAPP\vendor\codeigniter4\framework\system\CodeIgniter.php(918): App\Controllers\Login->cekip()
#2 C:\xampp\htdocs\ApotekAPP\vendor\codeigniter4\framework\system\CodeIgniter.php(404): CodeIgniter\CodeIgniter->runController(Object(App\Controllers\Login))
#3 C:\xampp\htdocs\ApotekAPP\vendor\codeigniter4\framework\system\CodeIgniter.php(312): CodeIgniter\CodeIgniter->handleRequest(NULL, Object(Config\Cache), false)
#4 C:\xampp\htdocs\ApotekAPP\public\index.php(45): CodeIgniter\CodeIgniter->run()
#5 C:\xampp\htdocs\ApotekAPP\vendor\codeigniter4\framework\system\Commands\Server\rewrite.php(34): require_once('C:\\xampp\\htdocs...')
#6 {main}
CRITICAL - 2020-08-30 12:49:11 --> Trying to access array offset on value of type null
#0 C:\xampp\htdocs\ApotekAPP\app\Controllers\Pegawai.php(104): CodeIgniter\Debug\Exceptions->errorHandler(8, 'Trying to acces...', 'C:\\xampp\\htdocs...', 104, Array)
#1 C:\xampp\htdocs\ApotekAPP\vendor\codeigniter4\framework\system\CodeIgniter.php(918): App\Controllers\Pegawai->formedit()
#2 C:\xampp\htdocs\ApotekAPP\vendor\codeigniter4\framework\system\CodeIgniter.php(404): CodeIgniter\CodeIgniter->runController(Object(App\Controllers\Pegawai))
#3 C:\xampp\htdocs\ApotekAPP\vendor\codeigniter4\framework\system\CodeIgniter.php(312): CodeIgniter\CodeIgniter->handleRequest(NULL, Object(Config\Cache), false)
#4 C:\xampp\htdocs\ApotekAPP\public\index.php(45): CodeIgniter\CodeIgniter->run()
#5 C:\xampp\htdocs\ApotekAPP\vendor\codeigniter4\framework\system\Commands\Server\rewrite.php(34): require_once('C:\\xampp\\htdocs...')
#6 {main}
CRITICAL - 2020-08-30 12:49:14 --> Trying to access array offset on value of type null
#0 C:\xampp\htdocs\ApotekAPP\app\Controllers\Pegawai.php(104): CodeIgniter\Debug\Exceptions->errorHandler(8, 'Trying to acces...', 'C:\\xampp\\htdocs...', 104, Array)
#1 C:\xampp\htdocs\ApotekAPP\vendor\codeigniter4\framework\system\CodeIgniter.php(918): App\Controllers\Pegawai->formedit()
#2 C:\xampp\htdocs\ApotekAPP\vendor\codeigniter4\framework\system\CodeIgniter.php(404): CodeIgniter\CodeIgniter->runController(Object(App\Controllers\Pegawai))
#3 C:\xampp\htdocs\ApotekAPP\vendor\codeigniter4\framework\system\CodeIgniter.php(312): CodeIgniter\CodeIgniter->handleRequest(NULL, Object(Config\Cache), false)
#4 C:\xampp\htdocs\ApotekAPP\public\index.php(45): CodeIgniter\CodeIgniter->run()
#5 C:\xampp\htdocs\ApotekAPP\vendor\codeigniter4\framework\system\Commands\Server\rewrite.php(34): require_once('C:\\xampp\\htdocs...')
#6 {main}
CRITICAL - 2020-08-30 12:49:20 --> Trying to access array offset on value of type null
#0 C:\xampp\htdocs\ApotekAPP\app\Controllers\Pegawai.php(104): CodeIgniter\Debug\Exceptions->errorHandler(8, 'Trying to acces...', 'C:\\xampp\\htdocs...', 104, Array)
#1 C:\xampp\htdocs\ApotekAPP\vendor\codeigniter4\framework\system\CodeIgniter.php(918): App\Controllers\Pegawai->formedit()
#2 C:\xampp\htdocs\ApotekAPP\vendor\codeigniter4\framework\system\CodeIgniter.php(404): CodeIgniter\CodeIgniter->runController(Object(App\Controllers\Pegawai))
#3 C:\xampp\htdocs\ApotekAPP\vendor\codeigniter4\framework\system\CodeIgniter.php(312): CodeIgniter\CodeIgniter->handleRequest(NULL, Object(Config\Cache), false)
#4 C:\xampp\htdocs\ApotekAPP\public\index.php(45): CodeIgniter\CodeIgniter->run()
#5 C:\xampp\htdocs\ApotekAPP\vendor\codeigniter4\framework\system\Commands\Server\rewrite.php(34): require_once('C:\\xampp\\htdocs...')
#6 {main}
CRITICAL - 2020-08-30 12:49:47 --> Trying to access array offset on value of type null
#0 C:\xampp\htdocs\ApotekAPP\app\Controllers\Pegawai.php(104): CodeIgniter\Debug\Exceptions->errorHandler(8, 'Trying to acces...', 'C:\\xampp\\htdocs...', 104, Array)
#1 C:\xampp\htdocs\ApotekAPP\vendor\codeigniter4\framework\system\CodeIgniter.php(918): App\Controllers\Pegawai->formedit()
#2 C:\xampp\htdocs\ApotekAPP\vendor\codeigniter4\framework\system\CodeIgniter.php(404): CodeIgniter\CodeIgniter->runController(Object(App\Controllers\Pegawai))
#3 C:\xampp\htdocs\ApotekAPP\vendor\codeigniter4\framework\system\CodeIgniter.php(312): CodeIgniter\CodeIgniter->handleRequest(NULL, Object(Config\Cache), false)
#4 C:\xampp\htdocs\ApotekAPP\public\index.php(45): CodeIgniter\CodeIgniter->run()
#5 C:\xampp\htdocs\ApotekAPP\vendor\codeigniter4\framework\system\Commands\Server\rewrite.php(34): require_once('C:\\xampp\\htdocs...')
#6 {main}
CRITICAL - 2020-08-30 12:50:41 --> Trying to access array offset on value of type null
#0 C:\xampp\htdocs\ApotekAPP\app\Controllers\Pegawai.php(104): CodeIgniter\Debug\Exceptions->errorHandler(8, 'Trying to acces...', 'C:\\xampp\\htdocs...', 104, Array)
#1 C:\xampp\htdocs\ApotekAPP\vendor\codeigniter4\framework\system\CodeIgniter.php(918): App\Controllers\Pegawai->formedit()
#2 C:\xampp\htdocs\ApotekAPP\vendor\codeigniter4\framework\system\CodeIgniter.php(404): CodeIgniter\CodeIgniter->runController(Object(App\Controllers\Pegawai))
#3 C:\xampp\htdocs\ApotekAPP\vendor\codeigniter4\framework\system\CodeIgniter.php(312): CodeIgniter\CodeIgniter->handleRequest(NULL, Object(Config\Cache), false)
#4 C:\xampp\htdocs\ApotekAPP\public\index.php(45): CodeIgniter\CodeIgniter->run()
#5 C:\xampp\htdocs\ApotekAPP\vendor\codeigniter4\framework\system\Commands\Server\rewrite.php(34): require_once('C:\\xampp\\htdocs...')
#6 {main}
CRITICAL - 2020-08-30 12:53:07 --> Trying to access array offset on value of type null
#0 C:\xampp\htdocs\ApotekAPP\app\Controllers\Pegawai.php(104): CodeIgniter\Debug\Exceptions->errorHandler(8, 'Trying to acces...', 'C:\\xampp\\htdocs...', 104, Array)
#1 C:\xampp\htdocs\ApotekAPP\vendor\codeigniter4\framework\system\CodeIgniter.php(918): App\Controllers\Pegawai->formedit()
#2 C:\xampp\htdocs\ApotekAPP\vendor\codeigniter4\framework\system\CodeIgniter.php(404): CodeIgniter\CodeIgniter->runController(Object(App\Controllers\Pegawai))
#3 C:\xampp\htdocs\ApotekAPP\vendor\codeigniter4\framework\system\CodeIgniter.php(312): CodeIgniter\CodeIgniter->handleRequest(NULL, Object(Config\Cache), false)
#4 C:\xampp\htdocs\ApotekAPP\public\index.php(45): CodeIgniter\CodeIgniter->run()
#5 C:\xampp\htdocs\ApotekAPP\vendor\codeigniter4\framework\system\Commands\Server\rewrite.php(34): require_once('C:\\xampp\\htdocs...')
#6 {main}
CRITICAL - 2020-08-30 12:54:06 --> Trying to access array offset on value of type null
#0 C:\xampp\htdocs\ApotekAPP\app\Controllers\Pegawai.php(104): CodeIgniter\Debug\Exceptions->errorHandler(8, 'Trying to acces...', 'C:\\xampp\\htdocs...', 104, Array)
#1 C:\xampp\htdocs\ApotekAPP\vendor\codeigniter4\framework\system\CodeIgniter.php(918): App\Controllers\Pegawai->formedit()
#2 C:\xampp\htdocs\ApotekAPP\vendor\codeigniter4\framework\system\CodeIgniter.php(404): CodeIgniter\CodeIgniter->runController(Object(App\Controllers\Pegawai))
#3 C:\xampp\htdocs\ApotekAPP\vendor\codeigniter4\framework\system\CodeIgniter.php(312): CodeIgniter\CodeIgniter->handleRequest(NULL, Object(Config\Cache), false)
#4 C:\xampp\htdocs\ApotekAPP\public\index.php(45): CodeIgniter\CodeIgniter->run()
#5 C:\xampp\htdocs\ApotekAPP\vendor\codeigniter4\framework\system\Commands\Server\rewrite.php(34): require_once('C:\\xampp\\htdocs...')
#6 {main}
CRITICAL - 2020-08-30 12:54:46 --> Trying to access array offset on value of type null
#0 C:\xampp\htdocs\ApotekAPP\app\Controllers\Pegawai.php(104): CodeIgniter\Debug\Exceptions->errorHandler(8, 'Trying to acces...', 'C:\\xampp\\htdocs...', 104, Array)
#1 C:\xampp\htdocs\ApotekAPP\vendor\codeigniter4\framework\system\CodeIgniter.php(918): App\Controllers\Pegawai->formedit()
#2 C:\xampp\htdocs\ApotekAPP\vendor\codeigniter4\framework\system\CodeIgniter.php(404): CodeIgniter\CodeIgniter->runController(Object(App\Controllers\Pegawai))
#3 C:\xampp\htdocs\ApotekAPP\vendor\codeigniter4\framework\system\CodeIgniter.php(312): CodeIgniter\CodeIgniter->handleRequest(NULL, Object(Config\Cache), false)
#4 C:\xampp\htdocs\ApotekAPP\public\index.php(45): CodeIgniter\CodeIgniter->run()
#5 C:\xampp\htdocs\ApotekAPP\vendor\codeigniter4\framework\system\Commands\Server\rewrite.php(34): require_once('C:\\xampp\\htdocs...')
#6 {main}
CRITICAL - 2020-08-30 12:58:33 --> Trying to access array offset on value of type null
#0 C:\xampp\htdocs\ApotekAPP\app\Controllers\Pegawai.php(104): CodeIgniter\Debug\Exceptions->errorHandler(8, 'Trying to acces...', 'C:\\xampp\\htdocs...', 104, Array)
#1 C:\xampp\htdocs\ApotekAPP\vendor\codeigniter4\framework\system\CodeIgniter.php(918): App\Controllers\Pegawai->formedit()
#2 C:\xampp\htdocs\ApotekAPP\vendor\codeigniter4\framework\system\CodeIgniter.php(404): CodeIgniter\CodeIgniter->runController(Object(App\Controllers\Pegawai))
#3 C:\xampp\htdocs\ApotekAPP\vendor\codeigniter4\framework\system\CodeIgniter.php(312): CodeIgniter\CodeIgniter->handleRequest(NULL, Object(Config\Cache), false)
#4 C:\xampp\htdocs\ApotekAPP\public\index.php(45): CodeIgniter\CodeIgniter->run()
#5 C:\xampp\htdocs\ApotekAPP\vendor\codeigniter4\framework\system\Commands\Server\rewrite.php(34): require_once('C:\\xampp\\htdocs...')
#6 {main}
CRITICAL - 2020-08-30 12:58:48 --> Trying to access array offset on value of type null
#0 C:\xampp\htdocs\ApotekAPP\app\Controllers\Pegawai.php(104): CodeIgniter\Debug\Exceptions->errorHandler(8, 'Trying to acces...', 'C:\\xampp\\htdocs...', 104, Array)
#1 C:\xampp\htdocs\ApotekAPP\vendor\codeigniter4\framework\system\CodeIgniter.php(918): App\Controllers\Pegawai->formedit()
#2 C:\xampp\htdocs\ApotekAPP\vendor\codeigniter4\framework\system\CodeIgniter.php(404): CodeIgniter\CodeIgniter->runController(Object(App\Controllers\Pegawai))
#3 C:\xampp\htdocs\ApotekAPP\vendor\codeigniter4\framework\system\CodeIgniter.php(312): CodeIgniter\CodeIgniter->handleRequest(NULL, Object(Config\Cache), false)
#4 C:\xampp\htdocs\ApotekAPP\public\index.php(45): CodeIgniter\CodeIgniter->run()
#5 C:\xampp\htdocs\ApotekAPP\vendor\codeigniter4\framework\system\Commands\Server\rewrite.php(34): require_once('C:\\xampp\\htdocs...')
#6 {main}
CRITICAL - 2020-08-30 12:59:25 --> Trying to access array offset on value of type null
#0 C:\xampp\htdocs\ApotekAPP\app\Controllers\Pegawai.php(104): CodeIgniter\Debug\Exceptions->errorHandler(8, 'Trying to acces...', 'C:\\xampp\\htdocs...', 104, Array)
#1 C:\xampp\htdocs\ApotekAPP\vendor\codeigniter4\framework\system\CodeIgniter.php(918): App\Controllers\Pegawai->formedit()
#2 C:\xampp\htdocs\ApotekAPP\vendor\codeigniter4\framework\system\CodeIgniter.php(404): CodeIgniter\CodeIgniter->runController(Object(App\Controllers\Pegawai))
#3 C:\xampp\htdocs\ApotekAPP\vendor\codeigniter4\framework\system\CodeIgniter.php(312): CodeIgniter\CodeIgniter->handleRequest(NULL, Object(Config\Cache), false)
#4 C:\xampp\htdocs\ApotekAPP\public\index.php(45): CodeIgniter\CodeIgniter->run()
#5 C:\xampp\htdocs\ApotekAPP\vendor\codeigniter4\framework\system\Commands\Server\rewrite.php(34): require_once('C:\\xampp\\htdocs...')
#6 {main}
CRITICAL - 2020-08-30 13:00:24 --> Trying to access array offset on value of type null
#0 C:\xampp\htdocs\ApotekAPP\app\Controllers\Pegawai.php(104): CodeIgniter\Debug\Exceptions->errorHandler(8, 'Trying to acces...', 'C:\\xampp\\htdocs...', 104, Array)
#1 C:\xampp\htdocs\ApotekAPP\vendor\codeigniter4\framework\system\CodeIgniter.php(918): App\Controllers\Pegawai->formedit()
#2 C:\xampp\htdocs\ApotekAPP\vendor\codeigniter4\framework\system\CodeIgniter.php(404): CodeIgniter\CodeIgniter->runController(Object(App\Controllers\Pegawai))
#3 C:\xampp\htdocs\ApotekAPP\vendor\codeigniter4\framework\system\CodeIgniter.php(312): CodeIgniter\CodeIgniter->handleRequest(NULL, Object(Config\Cache), false)
#4 C:\xampp\htdocs\ApotekAPP\public\index.php(45): CodeIgniter\CodeIgniter->run()
#5 C:\xampp\htdocs\ApotekAPP\vendor\codeigniter4\framework\system\Commands\Server\rewrite.php(34): require_once('C:\\xampp\\htdocs...')
#6 {main}
CRITICAL - 2020-08-30 13:01:50 --> Trying to access array offset on value of type null
#0 C:\xampp\htdocs\ApotekAPP\app\Controllers\Pegawai.php(104): CodeIgniter\Debug\Exceptions->errorHandler(8, 'Trying to acces...', 'C:\\xampp\\htdocs...', 104, Array)
#1 C:\xampp\htdocs\ApotekAPP\vendor\codeigniter4\framework\system\CodeIgniter.php(918): App\Controllers\Pegawai->formedit()
#2 C:\xampp\htdocs\ApotekAPP\vendor\codeigniter4\framework\system\CodeIgniter.php(404): CodeIgniter\CodeIgniter->runController(Object(App\Controllers\Pegawai))
#3 C:\xampp\htdocs\ApotekAPP\vendor\codeigniter4\framework\system\CodeIgniter.php(312): CodeIgniter\CodeIgniter->handleRequest(NULL, Object(Config\Cache), false)
#4 C:\xampp\htdocs\ApotekAPP\public\index.php(45): CodeIgniter\CodeIgniter->run()
#5 C:\xampp\htdocs\ApotekAPP\vendor\codeigniter4\framework\system\Commands\Server\rewrite.php(34): require_once('C:\\xampp\\htdocs...')
#6 {main}
CRITICAL - 2020-08-30 13:01:56 --> Trying to access array offset on value of type null
#0 C:\xampp\htdocs\ApotekAPP\app\Controllers\Pegawai.php(104): CodeIgniter\Debug\Exceptions->errorHandler(8, 'Trying to acces...', 'C:\\xampp\\htdocs...', 104, Array)
#1 C:\xampp\htdocs\ApotekAPP\vendor\codeigniter4\framework\system\CodeIgniter.php(918): App\Controllers\Pegawai->formedit()
#2 C:\xampp\htdocs\ApotekAPP\vendor\codeigniter4\framework\system\CodeIgniter.php(404): CodeIgniter\CodeIgniter->runController(Object(App\Controllers\Pegawai))
#3 C:\xampp\htdocs\ApotekAPP\vendor\codeigniter4\framework\system\CodeIgniter.php(312): CodeIgniter\CodeIgniter->handleRequest(NULL, Object(Config\Cache), false)
#4 C:\xampp\htdocs\ApotekAPP\public\index.php(45): CodeIgniter\CodeIgniter->run()
#5 C:\xampp\htdocs\ApotekAPP\vendor\codeigniter4\framework\system\Commands\Server\rewrite.php(34): require_once('C:\\xampp\\htdocs...')
#6 {main}
CRITICAL - 2020-08-30 13:02:02 --> Trying to access array offset on value of type null
#0 C:\xampp\htdocs\ApotekAPP\app\Controllers\Pegawai.php(104): CodeIgniter\Debug\Exceptions->errorHandler(8, 'Trying to acces...', 'C:\\xampp\\htdocs...', 104, Array)
#1 C:\xampp\htdocs\ApotekAPP\vendor\codeigniter4\framework\system\CodeIgniter.php(918): App\Controllers\Pegawai->formedit()
#2 C:\xampp\htdocs\ApotekAPP\vendor\codeigniter4\framework\system\CodeIgniter.php(404): CodeIgniter\CodeIgniter->runController(Object(App\Controllers\Pegawai))
#3 C:\xampp\htdocs\ApotekAPP\vendor\codeigniter4\framework\system\CodeIgniter.php(312): CodeIgniter\CodeIgniter->handleRequest(NULL, Object(Config\Cache), false)
#4 C:\xampp\htdocs\ApotekAPP\public\index.php(45): CodeIgniter\CodeIgniter->run()
#5 C:\xampp\htdocs\ApotekAPP\vendor\codeigniter4\framework\system\Commands\Server\rewrite.php(34): require_once('C:\\xampp\\htdocs...')
#6 {main}
CRITICAL - 2020-08-30 13:02:10 --> Trying to access array offset on value of type null
#0 C:\xampp\htdocs\ApotekAPP\app\Controllers\Pegawai.php(104): CodeIgniter\Debug\Exceptions->errorHandler(8, 'Trying to acces...', 'C:\\xampp\\htdocs...', 104, Array)
#1 C:\xampp\htdocs\ApotekAPP\vendor\codeigniter4\framework\system\CodeIgniter.php(918): App\Controllers\Pegawai->formedit()
#2 C:\xampp\htdocs\ApotekAPP\vendor\codeigniter4\framework\system\CodeIgniter.php(404): CodeIgniter\CodeIgniter->runController(Object(App\Controllers\Pegawai))
#3 C:\xampp\htdocs\ApotekAPP\vendor\codeigniter4\framework\system\CodeIgniter.php(312): CodeIgniter\CodeIgniter->handleRequest(NULL, Object(Config\Cache), false)
#4 C:\xampp\htdocs\ApotekAPP\public\index.php(45): CodeIgniter\CodeIgniter->run()
#5 C:\xampp\htdocs\ApotekAPP\vendor\codeigniter4\framework\system\Commands\Server\rewrite.php(34): require_once('C:\\xampp\\htdocs...')
#6 {main}
CRITICAL - 2020-08-30 13:03:11 --> Undefined index: no_ktp
#0 C:\xampp\htdocs\ApotekAPP\app\Controllers\Pegawai.php(104): CodeIgniter\Debug\Exceptions->errorHandler(8, 'Undefined index...', 'C:\\xampp\\htdocs...', 104, Array)
#1 C:\xampp\htdocs\ApotekAPP\vendor\codeigniter4\framework\system\CodeIgniter.php(918): App\Controllers\Pegawai->formedit()
#2 C:\xampp\htdocs\ApotekAPP\vendor\codeigniter4\framework\system\CodeIgniter.php(404): CodeIgniter\CodeIgniter->runController(Object(App\Controllers\Pegawai))
#3 C:\xampp\htdocs\ApotekAPP\vendor\codeigniter4\framework\system\CodeIgniter.php(312): CodeIgniter\CodeIgniter->handleRequest(NULL, Object(Config\Cache), false)
#4 C:\xampp\htdocs\ApotekAPP\public\index.php(45): CodeIgniter\CodeIgniter->run()
#5 C:\xampp\htdocs\ApotekAPP\vendor\codeigniter4\framework\system\Commands\Server\rewrite.php(34): require_once('C:\\xampp\\htdocs...')
#6 {main}
CRITICAL - 2020-08-30 13:03:17 --> Undefined index: no_ktp
#0 C:\xampp\htdocs\ApotekAPP\app\Controllers\Pegawai.php(104): CodeIgniter\Debug\Exceptions->errorHandler(8, 'Undefined index...', 'C:\\xampp\\htdocs...', 104, Array)
#1 C:\xampp\htdocs\ApotekAPP\vendor\codeigniter4\framework\system\CodeIgniter.php(918): App\Controllers\Pegawai->formedit()
#2 C:\xampp\htdocs\ApotekAPP\vendor\codeigniter4\framework\system\CodeIgniter.php(404): CodeIgniter\CodeIgniter->runController(Object(App\Controllers\Pegawai))
#3 C:\xampp\htdocs\ApotekAPP\vendor\codeigniter4\framework\system\CodeIgniter.php(312): CodeIgniter\CodeIgniter->handleRequest(NULL, Object(Config\Cache), false)
#4 C:\xampp\htdocs\ApotekAPP\public\index.php(45): CodeIgniter\CodeIgniter->run()
#5 C:\xampp\htdocs\ApotekAPP\vendor\codeigniter4\framework\system\Commands\Server\rewrite.php(34): require_once('C:\\xampp\\htdocs...')
#6 {main}
CRITICAL - 2020-08-30 13:06:27 --> Undefined index: no_ktp
#0 C:\xampp\htdocs\ApotekAPP\app\Controllers\Pegawai.php(104): CodeIgniter\Debug\Exceptions->errorHandler(8, 'Undefined index...', 'C:\\xampp\\htdocs...', 104, Array)
#1 C:\xampp\htdocs\ApotekAPP\vendor\codeigniter4\framework\system\CodeIgniter.php(918): App\Controllers\Pegawai->formedit()
#2 C:\xampp\htdocs\ApotekAPP\vendor\codeigniter4\framework\system\CodeIgniter.php(404): CodeIgniter\CodeIgniter->runController(Object(App\Controllers\Pegawai))
#3 C:\xampp\htdocs\ApotekAPP\vendor\codeigniter4\framework\system\CodeIgniter.php(312): CodeIgniter\CodeIgniter->handleRequest(NULL, Object(Config\Cache), false)
#4 C:\xampp\htdocs\ApotekAPP\public\index.php(45): CodeIgniter\CodeIgniter->run()
#5 C:\xampp\htdocs\ApotekAPP\vendor\codeigniter4\framework\system\Commands\Server\rewrite.php(34): require_once('C:\\xampp\\htdocs...')
#6 {main}
CRITICAL - 2020-08-30 13:06:36 --> Undefined index: no_ktp
#0 C:\xampp\htdocs\ApotekAPP\app\Controllers\Pegawai.php(104): CodeIgniter\Debug\Exceptions->errorHandler(8, 'Undefined index...', 'C:\\xampp\\htdocs...', 104, Array)
#1 C:\xampp\htdocs\ApotekAPP\vendor\codeigniter4\framework\system\CodeIgniter.php(918): App\Controllers\Pegawai->formedit()
#2 C:\xampp\htdocs\ApotekAPP\vendor\codeigniter4\framework\system\CodeIgniter.php(404): CodeIgniter\CodeIgniter->runController(Object(App\Controllers\Pegawai))
#3 C:\xampp\htdocs\ApotekAPP\vendor\codeigniter4\framework\system\CodeIgniter.php(312): CodeIgniter\CodeIgniter->handleRequest(NULL, Object(Config\Cache), false)
#4 C:\xampp\htdocs\ApotekAPP\public\index.php(45): CodeIgniter\CodeIgniter->run()
#5 C:\xampp\htdocs\ApotekAPP\vendor\codeigniter4\framework\system\Commands\Server\rewrite.php(34): require_once('C:\\xampp\\htdocs...')
#6 {main}
CRITICAL - 2020-08-30 13:20:03 --> Undefined variable: no_ktp
#0 C:\xampp\htdocs\ApotekAPP\app\Views\pegawai\modaledit.php(18): CodeIgniter\Debug\Exceptions->errorHandler(8, 'Undefined varia...', 'C:\\xampp\\htdocs...', 18, Array)
#1 C:\xampp\htdocs\ApotekAPP\vendor\codeigniter4\framework\system\View\View.php(246): include('C:\\xampp\\htdocs...')
#2 C:\xampp\htdocs\ApotekAPP\vendor\codeigniter4\framework\system\Common.php(1119): CodeIgniter\View\View->render('pegawai/modaled...', Array, true)
#3 C:\xampp\htdocs\ApotekAPP\app\Controllers\Pegawai.php(114): view('pegawai/modaled...', Array)
#4 C:\xampp\htdocs\ApotekAPP\vendor\codeigniter4\framework\system\CodeIgniter.php(918): App\Controllers\Pegawai->formedit()
#5 C:\xampp\htdocs\ApotekAPP\vendor\codeigniter4\framework\system\CodeIgniter.php(404): CodeIgniter\CodeIgniter->runController(Object(App\Controllers\Pegawai))
#6 C:\xampp\htdocs\ApotekAPP\vendor\codeigniter4\framework\system\CodeIgniter.php(312): CodeIgniter\CodeIgniter->handleRequest(NULL, Object(Config\Cache), false)
#7 C:\xampp\htdocs\ApotekAPP\public\index.php(45): CodeIgniter\CodeIgniter->run()
#8 C:\xampp\htdocs\ApotekAPP\vendor\codeigniter4\framework\system\Commands\Server\rewrite.php(34): require_once('C:\\xampp\\htdocs...')
#9 {main}
CRITICAL - 2020-08-30 13:20:13 --> Undefined variable: no_ktp
#0 C:\xampp\htdocs\ApotekAPP\app\Views\pegawai\modaledit.php(18): CodeIgniter\Debug\Exceptions->errorHandler(8, 'Undefined varia...', 'C:\\xampp\\htdocs...', 18, Array)
#1 C:\xampp\htdocs\ApotekAPP\vendor\codeigniter4\framework\system\View\View.php(246): include('C:\\xampp\\htdocs...')
#2 C:\xampp\htdocs\ApotekAPP\vendor\codeigniter4\framework\system\Common.php(1119): CodeIgniter\View\View->render('pegawai/modaled...', Array, true)
#3 C:\xampp\htdocs\ApotekAPP\app\Controllers\Pegawai.php(114): view('pegawai/modaled...', Array)
#4 C:\xampp\htdocs\ApotekAPP\vendor\codeigniter4\framework\system\CodeIgniter.php(918): App\Controllers\Pegawai->formedit()
#5 C:\xampp\htdocs\ApotekAPP\vendor\codeigniter4\framework\system\CodeIgniter.php(404): CodeIgniter\CodeIgniter->runController(Object(App\Controllers\Pegawai))
#6 C:\xampp\htdocs\ApotekAPP\vendor\codeigniter4\framework\system\CodeIgniter.php(312): CodeIgniter\CodeIgniter->handleRequest(NULL, Object(Config\Cache), false)
#7 C:\xampp\htdocs\ApotekAPP\public\index.php(45): CodeIgniter\CodeIgniter->run()
#8 C:\xampp\htdocs\ApotekAPP\vendor\codeigniter4\framework\system\Commands\Server\rewrite.php(34): require_once('C:\\xampp\\htdocs...')
#9 {main}
CRITICAL - 2020-08-30 13:21:15 --> Trying to access array offset on value of type null
#0 C:\xampp\htdocs\ApotekAPP\app\Controllers\Pegawai.php(104): CodeIgniter\Debug\Exceptions->errorHandler(8, 'Trying to acces...', 'C:\\xampp\\htdocs...', 104, Array)
#1 C:\xampp\htdocs\ApotekAPP\vendor\codeigniter4\framework\system\CodeIgniter.php(918): App\Controllers\Pegawai->formedit()
#2 C:\xampp\htdocs\ApotekAPP\vendor\codeigniter4\framework\system\CodeIgniter.php(404): CodeIgniter\CodeIgniter->runController(Object(App\Controllers\Pegawai))
#3 C:\xampp\htdocs\ApotekAPP\vendor\codeigniter4\framework\system\CodeIgniter.php(312): CodeIgniter\CodeIgniter->handleRequest(NULL, Object(Config\Cache), false)
#4 C:\xampp\htdocs\ApotekAPP\public\index.php(45): CodeIgniter\CodeIgniter->run()
#5 C:\xampp\htdocs\ApotekAPP\vendor\codeigniter4\framework\system\Commands\Server\rewrite.php(34): require_once('C:\\xampp\\htdocs...')
#6 {main}
CRITICAL - 2020-08-30 13:23:09 --> Trying to access array offset on value of type null
#0 C:\xampp\htdocs\ApotekAPP\app\Controllers\Pegawai.php(104): CodeIgniter\Debug\Exceptions->errorHandler(8, 'Trying to acces...', 'C:\\xampp\\htdocs...', 104, Array)
#1 C:\xampp\htdocs\ApotekAPP\vendor\codeigniter4\framework\system\CodeIgniter.php(918): App\Controllers\Pegawai->formedit()
#2 C:\xampp\htdocs\ApotekAPP\vendor\codeigniter4\framework\system\CodeIgniter.php(404): CodeIgniter\CodeIgniter->runController(Object(App\Controllers\Pegawai))
#3 C:\xampp\htdocs\ApotekAPP\vendor\codeigniter4\framework\system\CodeIgniter.php(312): CodeIgniter\CodeIgniter->handleRequest(NULL, Object(Config\Cache), false)
#4 C:\xampp\htdocs\ApotekAPP\public\index.php(45): CodeIgniter\CodeIgniter->run()
#5 C:\xampp\htdocs\ApotekAPP\vendor\codeigniter4\framework\system\Commands\Server\rewrite.php(34): require_once('C:\\xampp\\htdocs...')
#6 {main}
CRITICAL - 2020-08-30 13:26:10 --> Trying to access array offset on value of type null
#0 C:\xampp\htdocs\ApotekAPP\app\Controllers\Pegawai.php(104): CodeIgniter\Debug\Exceptions->errorHandler(8, 'Trying to acces...', 'C:\\xampp\\htdocs...', 104, Array)
#1 C:\xampp\htdocs\ApotekAPP\vendor\codeigniter4\framework\system\CodeIgniter.php(918): App\Controllers\Pegawai->formedit()
#2 C:\xampp\htdocs\ApotekAPP\vendor\codeigniter4\framework\system\CodeIgniter.php(404): CodeIgniter\CodeIgniter->runController(Object(App\Controllers\Pegawai))
#3 C:\xampp\htdocs\ApotekAPP\vendor\codeigniter4\framework\system\CodeIgniter.php(312): CodeIgniter\CodeIgniter->handleRequest(NULL, Object(Config\Cache), false)
#4 C:\xampp\htdocs\ApotekAPP\public\index.php(45): CodeIgniter\CodeIgniter->run()
#5 C:\xampp\htdocs\ApotekAPP\vendor\codeigniter4\framework\system\Commands\Server\rewrite.php(34): require_once('C:\\xampp\\htdocs...')
#6 {main}
CRITICAL - 2020-08-30 13:33:05 --> Trying to access array offset on value of type null
#0 C:\xampp\htdocs\ApotekAPP\app\Controllers\Pegawai.php(105): CodeIgniter\Debug\Exceptions->errorHandler(8, 'Trying to acces...', 'C:\\xampp\\htdocs...', 105, Array)
#1 C:\xampp\htdocs\ApotekAPP\vendor\codeigniter4\framework\system\CodeIgniter.php(918): App\Controllers\Pegawai->formedit()
#2 C:\xampp\htdocs\ApotekAPP\vendor\codeigniter4\framework\system\CodeIgniter.php(404): CodeIgniter\CodeIgniter->runController(Object(App\Controllers\Pegawai))
#3 C:\xampp\htdocs\ApotekAPP\vendor\codeigniter4\framework\system\CodeIgniter.php(312): CodeIgniter\CodeIgniter->handleRequest(NULL, Object(Config\Cache), false)
#4 C:\xampp\htdocs\ApotekAPP\public\index.php(45): CodeIgniter\CodeIgniter->run()
#5 C:\xampp\htdocs\ApotekAPP\vendor\codeigniter4\framework\system\Commands\Server\rewrite.php(34): require_once('C:\\xampp\\htdocs...')
#6 {main}
CRITICAL - 2020-08-30 13:34:54 --> Trying to access array offset on value of type null
#0 C:\xampp\htdocs\ApotekAPP\app\Controllers\Pegawai.php(105): CodeIgniter\Debug\Exceptions->errorHandler(8, 'Trying to acces...', 'C:\\xampp\\htdocs...', 105, Array)
#1 C:\xampp\htdocs\ApotekAPP\vendor\codeigniter4\framework\system\CodeIgniter.php(918): App\Controllers\Pegawai->formedit()
#2 C:\xampp\htdocs\ApotekAPP\vendor\codeigniter4\framework\system\CodeIgniter.php(404): CodeIgniter\CodeIgniter->runController(Object(App\Controllers\Pegawai))
#3 C:\xampp\htdocs\ApotekAPP\vendor\codeigniter4\framework\system\CodeIgniter.php(312): CodeIgniter\CodeIgniter->handleRequest(NULL, Object(Config\Cache), false)
#4 C:\xampp\htdocs\ApotekAPP\public\index.php(45): CodeIgniter\CodeIgniter->run()
#5 C:\xampp\htdocs\ApotekAPP\vendor\codeigniter4\framework\system\Commands\Server\rewrite.php(34): require_once('C:\\xampp\\htdocs...')
#6 {main}
CRITICAL - 2020-08-30 14:12:49 --> Undefined index: no_ktp
#0 C:\xampp\htdocs\ApotekAPP\app\Controllers\Pegawai.php(105): CodeIgniter\Debug\Exceptions->errorHandler(8, 'Undefined index...', 'C:\\xampp\\htdocs...', 105, Array)
#1 C:\xampp\htdocs\ApotekAPP\vendor\codeigniter4\framework\system\CodeIgniter.php(918): App\Controllers\Pegawai->formedit()
#2 C:\xampp\htdocs\ApotekAPP\vendor\codeigniter4\framework\system\CodeIgniter.php(404): CodeIgniter\CodeIgniter->runController(Object(App\Controllers\Pegawai))
#3 C:\xampp\htdocs\ApotekAPP\vendor\codeigniter4\framework\system\CodeIgniter.php(312): CodeIgniter\CodeIgniter->handleRequest(NULL, Object(Config\Cache), false)
#4 C:\xampp\htdocs\ApotekAPP\public\index.php(45): CodeIgniter\CodeIgniter->run()
#5 C:\xampp\htdocs\ApotekAPP\vendor\codeigniter4\framework\system\Commands\Server\rewrite.php(34): require_once('C:\\xampp\\htdocs...')
#6 {main}
CRITICAL - 2020-08-30 14:12:55 --> Undefined index: no_ktp
#0 C:\xampp\htdocs\ApotekAPP\app\Controllers\Pegawai.php(105): CodeIgniter\Debug\Exceptions->errorHandler(8, 'Undefined index...', 'C:\\xampp\\htdocs...', 105, Array)
#1 C:\xampp\htdocs\ApotekAPP\vendor\codeigniter4\framework\system\CodeIgniter.php(918): App\Controllers\Pegawai->formedit()
#2 C:\xampp\htdocs\ApotekAPP\vendor\codeigniter4\framework\system\CodeIgniter.php(404): CodeIgniter\CodeIgniter->runController(Object(App\Controllers\Pegawai))
#3 C:\xampp\htdocs\ApotekAPP\vendor\codeigniter4\framework\system\CodeIgniter.php(312): CodeIgniter\CodeIgniter->handleRequest(NULL, Object(Config\Cache), false)
#4 C:\xampp\htdocs\ApotekAPP\public\index.php(45): CodeIgniter\CodeIgniter->run()
#5 C:\xampp\htdocs\ApotekAPP\vendor\codeigniter4\framework\system\Commands\Server\rewrite.php(34): require_once('C:\\xampp\\htdocs...')
#6 {main}
