CRITICAL - 2020-08-29 03:16:44 --> Unable to connect to the database.
#0 C:\xampp\htdocs\ApotekAPP\vendor\codeigniter4\framework\system\Database\BaseConnection.php(646): CodeIgniter\Database\BaseConnection->initialize()
#1 C:\xampp\htdocs\ApotekAPP\vendor\codeigniter4\framework\system\Database\BaseBuilder.php(1860): CodeIgniter\Database\BaseConnection->query('SELECT *\nFROM `...', Array, false)
#2 C:\xampp\htdocs\ApotekAPP\vendor\codeigniter4\framework\system\Model.php(462): CodeIgniter\Database\BaseBuilder->get()
#3 C:\xampp\htdocs\ApotekAPP\app\Controllers\Pegawai.php(13): CodeIgniter\Model->findAll()
#4 C:\xampp\htdocs\ApotekAPP\vendor\codeigniter4\framework\system\CodeIgniter.php(918): App\Controllers\Pegawai->index()
#5 C:\xampp\htdocs\ApotekAPP\vendor\codeigniter4\framework\system\CodeIgniter.php(404): CodeIgniter\CodeIgniter->runController(Object(App\Controllers\Pegawai))
#6 C:\xampp\htdocs\ApotekAPP\vendor\codeigniter4\framework\system\CodeIgniter.php(312): CodeIgniter\CodeIgniter->handleRequest(NULL, Object(Config\Cache), false)
#7 C:\xampp\htdocs\ApotekAPP\public\index.php(45): CodeIgniter\CodeIgniter->run()
#8 C:\xampp\htdocs\ApotekAPP\vendor\codeigniter4\framework\system\Commands\Server\rewrite.php(34): require_once('C:\\xampp\\htdocs...')
#9 {main}
CRITICAL - 2020-08-29 03:25:54 --> Unable to connect to the database.
#0 C:\xampp\htdocs\ApotekAPP\vendor\codeigniter4\framework\system\Database\BaseConnection.php(646): CodeIgniter\Database\BaseConnection->initialize()
#1 C:\xampp\htdocs\ApotekAPP\vendor\codeigniter4\framework\system\Database\BaseBuilder.php(1860): CodeIgniter\Database\BaseConnection->query('SELECT *\nFROM `...', Array, false)
#2 C:\xampp\htdocs\ApotekAPP\vendor\codeigniter4\framework\system\Model.php(462): CodeIgniter\Database\BaseBuilder->get()
#3 C:\xampp\htdocs\ApotekAPP\app\Controllers\Pegawai.php(13): CodeIgniter\Model->findAll()
#4 C:\xampp\htdocs\ApotekAPP\vendor\codeigniter4\framework\system\CodeIgniter.php(918): App\Controllers\Pegawai->index()
#5 C:\xampp\htdocs\ApotekAPP\vendor\codeigniter4\framework\system\CodeIgniter.php(404): CodeIgniter\CodeIgniter->runController(Object(App\Controllers\Pegawai))
#6 C:\xampp\htdocs\ApotekAPP\vendor\codeigniter4\framework\system\CodeIgniter.php(312): CodeIgniter\CodeIgniter->handleRequest(NULL, Object(Config\Cache), false)
#7 C:\xampp\htdocs\ApotekAPP\public\index.php(45): CodeIgniter\CodeIgniter->run()
#8 C:\xampp\htdocs\ApotekAPP\vendor\codeigniter4\framework\system\Commands\Server\rewrite.php(34): require_once('C:\\xampp\\htdocs...')
#9 {main}
CRITICAL - 2020-08-29 03:25:58 --> Unable to connect to the database.
#0 C:\xampp\htdocs\ApotekAPP\vendor\codeigniter4\framework\system\Database\BaseConnection.php(646): CodeIgniter\Database\BaseConnection->initialize()
#1 C:\xampp\htdocs\ApotekAPP\vendor\codeigniter4\framework\system\Database\BaseBuilder.php(1860): CodeIgniter\Database\BaseConnection->query('SELECT *\nFROM `...', Array, false)
#2 C:\xampp\htdocs\ApotekAPP\vendor\codeigniter4\framework\system\Model.php(462): CodeIgniter\Database\BaseBuilder->get()
#3 C:\xampp\htdocs\ApotekAPP\app\Controllers\Pegawai.php(13): CodeIgniter\Model->findAll()
#4 C:\xampp\htdocs\ApotekAPP\vendor\codeigniter4\framework\system\CodeIgniter.php(918): App\Controllers\Pegawai->index()
#5 C:\xampp\htdocs\ApotekAPP\vendor\codeigniter4\framework\system\CodeIgniter.php(404): CodeIgniter\CodeIgniter->runController(Object(App\Controllers\Pegawai))
#6 C:\xampp\htdocs\ApotekAPP\vendor\codeigniter4\framework\system\CodeIgniter.php(312): CodeIgniter\CodeIgniter->handleRequest(NULL, Object(Config\Cache), false)
#7 C:\xampp\htdocs\ApotekAPP\public\index.php(45): CodeIgniter\CodeIgniter->run()
#8 C:\xampp\htdocs\ApotekAPP\vendor\codeigniter4\framework\system\Commands\Server\rewrite.php(34): require_once('C:\\xampp\\htdocs...')
#9 {main}
CRITICAL - 2020-08-29 03:44:30 --> syntax error, unexpected end of file
#0 C:\xampp\htdocs\ApotekAPP\vendor\codeigniter4\framework\system\Common.php(1119): CodeIgniter\View\View->render('pegawai/viewsho...', Array, true)
#1 C:\xampp\htdocs\ApotekAPP\app\Controllers\Pegawai.php(16): view('pegawai/viewsho...', Array)
#2 C:\xampp\htdocs\ApotekAPP\vendor\codeigniter4\framework\system\CodeIgniter.php(918): App\Controllers\Pegawai->index()
#3 C:\xampp\htdocs\ApotekAPP\vendor\codeigniter4\framework\system\CodeIgniter.php(404): CodeIgniter\CodeIgniter->runController(Object(App\Controllers\Pegawai))
#4 C:\xampp\htdocs\ApotekAPP\vendor\codeigniter4\framework\system\CodeIgniter.php(312): CodeIgniter\CodeIgniter->handleRequest(NULL, Object(Config\Cache), false)
#5 C:\xampp\htdocs\ApotekAPP\public\index.php(45): CodeIgniter\CodeIgniter->run()
#6 C:\xampp\htdocs\ApotekAPP\vendor\codeigniter4\framework\system\Commands\Server\rewrite.php(34): require_once('C:\\xampp\\htdocs...')
#7 {main}
CRITICAL - 2020-08-29 03:46:08 --> syntax error, unexpected end of file
#0 C:\xampp\htdocs\ApotekAPP\vendor\codeigniter4\framework\system\Common.php(1119): CodeIgniter\View\View->render('pegawai/viewsho...', Array, true)
#1 C:\xampp\htdocs\ApotekAPP\app\Controllers\Pegawai.php(16): view('pegawai/viewsho...', Array)
#2 C:\xampp\htdocs\ApotekAPP\vendor\codeigniter4\framework\system\CodeIgniter.php(918): App\Controllers\Pegawai->index()
#3 C:\xampp\htdocs\ApotekAPP\vendor\codeigniter4\framework\system\CodeIgniter.php(404): CodeIgniter\CodeIgniter->runController(Object(App\Controllers\Pegawai))
#4 C:\xampp\htdocs\ApotekAPP\vendor\codeigniter4\framework\system\CodeIgniter.php(312): CodeIgniter\CodeIgniter->handleRequest(NULL, Object(Config\Cache), false)
#5 C:\xampp\htdocs\ApotekAPP\public\index.php(45): CodeIgniter\CodeIgniter->run()
#6 C:\xampp\htdocs\ApotekAPP\vendor\codeigniter4\framework\system\Commands\Server\rewrite.php(34): require_once('C:\\xampp\\htdocs...')
#7 {main}
